2026-03-26 11:16:18,917 ERROR security Unhandled API error in view=RegisterView
Traceback (most recent call last):
  File "/home/khadija/Desktop/hackathon/.venv/lib/python3.13/site-packages/django/contrib/auth/hashers.py", line 225, in _load_library
    module = importlib.import_module(mod_path)
  File "/usr/lib/python3.13/importlib/__init__.py", line 88, in import_module
    return _bootstrap._gcd_import(name[level:], package, level)
           ~~~~~~~~~~~~~~~~~~~~~~^^^^^^^^^^^^^^^^^^^^^^^^^^^^^^
  File "<frozen importlib._bootstrap>", line 1387, in _gcd_import
  File "<frozen importlib._bootstrap>", line 1360, in _find_and_load
  File "<frozen importlib._bootstrap>", line 1324, in _find_and_load_unlocked
ModuleNotFoundError: No module named 'argon2'

During handling of the above exception, another exception occurred:

Traceback (most recent call last):
  File "/home/khadija/Desktop/hackathon/.venv/lib/python3.13/site-packages/rest_framework/views.py", line 512, in dispatch
    response = handler(request, *args, **kwargs)
  File "/home/khadija/Desktop/hackathon/.venv/lib/python3.13/site-packages/rest_framework/generics.py", line 194, in post
    return self.create(request, *args, **kwargs)
           ~~~~~~~~~~~^^^^^^^^^^^^^^^^^^^^^^^^^^
  File "/home/khadija/Desktop/hackathon/.venv/lib/python3.13/site-packages/rest_framework/mixins.py", line 19, in create
    self.perform_create(serializer)
    ~~~~~~~~~~~~~~~~~~~^^^^^^^^^^^^
  File "/home/khadija/Desktop/hackathon/.venv/lib/python3.13/site-packages/rest_framework/mixins.py", line 24, in perform_create
    serializer.save()
    ~~~~~~~~~~~~~~~^^
  File "/home/khadija/Desktop/hackathon/.venv/lib/python3.13/site-packages/rest_framework/serializers.py", line 210, in save
    self.instance = self.create(validated_data)
                    ~~~~~~~~~~~^^^^^^^^^^^^^^^^
  File "/home/khadija/Desktop/hackathon/backend/users/serializers.py", line 49, in create
    return User.objects.create_user(
           ~~~~~~~~~~~~~~~~~~~~~~~~^
        username=validated_data["username"],
        ^^^^^^^^^^^^^^^^^^^^^^^^^^^^^^^^^^^^
        email=validated_data.get("email", ""),
        ^^^^^^^^^^^^^^^^^^^^^^^^^^^^^^^^^^^^^^
        password=validated_data["password"],
        ^^^^^^^^^^^^^^^^^^^^^^^^^^^^^^^^^^^^
    )
    ^
  File "/home/khadija/Desktop/hackathon/.venv/lib/python3.13/site-packages/django/contrib/auth/models.py", line 175, in create_user
    return self._create_user(username, email, password, **extra_fields)
           ~~~~~~~~~~~~~~~~~^^^^^^^^^^^^^^^^^^^^^^^^^^^^^^^^^^^^^^^^^^^
  File "/home/khadija/Desktop/hackathon/.venv/lib/python3.13/site-packages/django/contrib/auth/models.py", line 162, in _create_user
    user = self._create_user_object(username, email, password, **extra_fields)
  File "/home/khadija/Desktop/hackathon/.venv/lib/python3.13/site-packages/django/contrib/auth/models.py", line 155, in _create_user_object
    user.password = make_password(password)
                    ~~~~~~~~~~~~~^^^^^^^^^^
  File "/home/khadija/Desktop/hackathon/.venv/lib/python3.13/site-packages/django/contrib/auth/hashers.py", line 113, in make_password
    return hasher.encode(password, salt)
           ~~~~~~~~~~~~~^^^^^^^^^^^^^^^^
  File "/home/khadija/Desktop/hackathon/.venv/lib/python3.13/site-packages/django/contrib/auth/hashers.py", line 396, in encode
    argon2 = self._load_library()
  File "/home/khadija/Desktop/hackathon/.venv/lib/python3.13/site-packages/django/contrib/auth/hashers.py", line 227, in _load_library
    raise ValueError(
    ...<2 lines>...
    )
ValueError: Couldn't load 'Argon2PasswordHasher' algorithm library: No module named 'argon2'
2026-03-26 11:16:39,582 ERROR security Unhandled API error in view=RegisterView
Traceback (most recent call last):
  File "/home/khadija/Desktop/hackathon/.venv/lib/python3.13/site-packages/django/contrib/auth/hashers.py", line 225, in _load_library
    module = importlib.import_module(mod_path)
  File "/usr/lib/python3.13/importlib/__init__.py", line 88, in import_module
    return _bootstrap._gcd_import(name[level:], package, level)
           ~~~~~~~~~~~~~~~~~~~~~~^^^^^^^^^^^^^^^^^^^^^^^^^^^^^^
  File "<frozen importlib._bootstrap>", line 1387, in _gcd_import
  File "<frozen importlib._bootstrap>", line 1360, in _find_and_load
  File "<frozen importlib._bootstrap>", line 1324, in _find_and_load_unlocked
ModuleNotFoundError: No module named 'argon2'

During handling of the above exception, another exception occurred:

Traceback (most recent call last):
  File "/home/khadija/Desktop/hackathon/.venv/lib/python3.13/site-packages/rest_framework/views.py", line 512, in dispatch
    response = handler(request, *args, **kwargs)
  File "/home/khadija/Desktop/hackathon/.venv/lib/python3.13/site-packages/rest_framework/generics.py", line 194, in post
    return self.create(request, *args, **kwargs)
           ~~~~~~~~~~~^^^^^^^^^^^^^^^^^^^^^^^^^^
  File "/home/khadija/Desktop/hackathon/.venv/lib/python3.13/site-packages/rest_framework/mixins.py", line 19, in create
    self.perform_create(serializer)
    ~~~~~~~~~~~~~~~~~~~^^^^^^^^^^^^
  File "/home/khadija/Desktop/hackathon/.venv/lib/python3.13/site-packages/rest_framework/mixins.py", line 24, in perform_create
    serializer.save()
    ~~~~~~~~~~~~~~~^^
  File "/home/khadija/Desktop/hackathon/.venv/lib/python3.13/site-packages/rest_framework/serializers.py", line 210, in save
    self.instance = self.create(validated_data)
                    ~~~~~~~~~~~^^^^^^^^^^^^^^^^
  File "/home/khadija/Desktop/hackathon/backend/users/serializers.py", line 49, in create
    return User.objects.create_user(
           ~~~~~~~~~~~~~~~~~~~~~~~~^
        username=validated_data["username"],
        ^^^^^^^^^^^^^^^^^^^^^^^^^^^^^^^^^^^^
        email=validated_data.get("email", ""),
        ^^^^^^^^^^^^^^^^^^^^^^^^^^^^^^^^^^^^^^
        password=validated_data["password"],
        ^^^^^^^^^^^^^^^^^^^^^^^^^^^^^^^^^^^^
    )
    ^
  File "/home/khadija/Desktop/hackathon/.venv/lib/python3.13/site-packages/django/contrib/auth/models.py", line 175, in create_user
    return self._create_user(username, email, password, **extra_fields)
           ~~~~~~~~~~~~~~~~~^^^^^^^^^^^^^^^^^^^^^^^^^^^^^^^^^^^^^^^^^^^
  File "/home/khadija/Desktop/hackathon/.venv/lib/python3.13/site-packages/django/contrib/auth/models.py", line 162, in _create_user
    user = self._create_user_object(username, email, password, **extra_fields)
  File "/home/khadija/Desktop/hackathon/.venv/lib/python3.13/site-packages/django/contrib/auth/models.py", line 155, in _create_user_object
    user.password = make_password(password)
                    ~~~~~~~~~~~~~^^^^^^^^^^
  File "/home/khadija/Desktop/hackathon/.venv/lib/python3.13/site-packages/django/contrib/auth/hashers.py", line 113, in make_password
    return hasher.encode(password, salt)
           ~~~~~~~~~~~~~^^^^^^^^^^^^^^^^
  File "/home/khadija/Desktop/hackathon/.venv/lib/python3.13/site-packages/django/contrib/auth/hashers.py", line 396, in encode
    argon2 = self._load_library()
  File "/home/khadija/Desktop/hackathon/.venv/lib/python3.13/site-packages/django/contrib/auth/hashers.py", line 227, in _load_library
    raise ValueError(
    ...<2 lines>...
    )
ValueError: Couldn't load 'Argon2PasswordHasher' algorithm library: No module named 'argon2'
2026-03-26 11:16:41,558 ERROR security Unhandled API error in view=RegisterView
Traceback (most recent call last):
  File "/home/khadija/Desktop/hackathon/.venv/lib/python3.13/site-packages/django/contrib/auth/hashers.py", line 225, in _load_library
    module = importlib.import_module(mod_path)
  File "/usr/lib/python3.13/importlib/__init__.py", line 88, in import_module
    return _bootstrap._gcd_import(name[level:], package, level)
           ~~~~~~~~~~~~~~~~~~~~~~^^^^^^^^^^^^^^^^^^^^^^^^^^^^^^
  File "<frozen importlib._bootstrap>", line 1387, in _gcd_import
  File "<frozen importlib._bootstrap>", line 1360, in _find_and_load
  File "<frozen importlib._bootstrap>", line 1324, in _find_and_load_unlocked
ModuleNotFoundError: No module named 'argon2'

During handling of the above exception, another exception occurred:

Traceback (most recent call last):
  File "/home/khadija/Desktop/hackathon/.venv/lib/python3.13/site-packages/rest_framework/views.py", line 512, in dispatch
    response = handler(request, *args, **kwargs)
  File "/home/khadija/Desktop/hackathon/.venv/lib/python3.13/site-packages/rest_framework/generics.py", line 194, in post
    return self.create(request, *args, **kwargs)
           ~~~~~~~~~~~^^^^^^^^^^^^^^^^^^^^^^^^^^
  File "/home/khadija/Desktop/hackathon/.venv/lib/python3.13/site-packages/rest_framework/mixins.py", line 19, in create
    self.perform_create(serializer)
    ~~~~~~~~~~~~~~~~~~~^^^^^^^^^^^^
  File "/home/khadija/Desktop/hackathon/.venv/lib/python3.13/site-packages/rest_framework/mixins.py", line 24, in perform_create
    serializer.save()
    ~~~~~~~~~~~~~~~^^
  File "/home/khadija/Desktop/hackathon/.venv/lib/python3.13/site-packages/rest_framework/serializers.py", line 210, in save
    self.instance = self.create(validated_data)
                    ~~~~~~~~~~~^^^^^^^^^^^^^^^^
  File "/home/khadija/Desktop/hackathon/backend/users/serializers.py", line 49, in create
    return User.objects.create_user(
           ~~~~~~~~~~~~~~~~~~~~~~~~^
        username=validated_data["username"],
        ^^^^^^^^^^^^^^^^^^^^^^^^^^^^^^^^^^^^
        email=validated_data.get("email", ""),
        ^^^^^^^^^^^^^^^^^^^^^^^^^^^^^^^^^^^^^^
        password=validated_data["password"],
        ^^^^^^^^^^^^^^^^^^^^^^^^^^^^^^^^^^^^
    )
    ^
  File "/home/khadija/Desktop/hackathon/.venv/lib/python3.13/site-packages/django/contrib/auth/models.py", line 175, in create_user
    return self._create_user(username, email, password, **extra_fields)
           ~~~~~~~~~~~~~~~~~^^^^^^^^^^^^^^^^^^^^^^^^^^^^^^^^^^^^^^^^^^^
  File "/home/khadija/Desktop/hackathon/.venv/lib/python3.13/site-packages/django/contrib/auth/models.py", line 162, in _create_user
    user = self._create_user_object(username, email, password, **extra_fields)
  File "/home/khadija/Desktop/hackathon/.venv/lib/python3.13/site-packages/django/contrib/auth/models.py", line 155, in _create_user_object
    user.password = make_password(password)
                    ~~~~~~~~~~~~~^^^^^^^^^^
  File "/home/khadija/Desktop/hackathon/.venv/lib/python3.13/site-packages/django/contrib/auth/hashers.py", line 113, in make_password
    return hasher.encode(password, salt)
           ~~~~~~~~~~~~~^^^^^^^^^^^^^^^^
  File "/home/khadija/Desktop/hackathon/.venv/lib/python3.13/site-packages/django/contrib/auth/hashers.py", line 396, in encode
    argon2 = self._load_library()
  File "/home/khadija/Desktop/hackathon/.venv/lib/python3.13/site-packages/django/contrib/auth/hashers.py", line 227, in _load_library
    raise ValueError(
    ...<2 lines>...
    )
ValueError: Couldn't load 'Argon2PasswordHasher' algorithm library: No module named 'argon2'
2026-03-26 11:16:46,612 ERROR security Unhandled API error in view=RegisterView
Traceback (most recent call last):
  File "/home/khadija/Desktop/hackathon/.venv/lib/python3.13/site-packages/django/contrib/auth/hashers.py", line 225, in _load_library
    module = importlib.import_module(mod_path)
  File "/usr/lib/python3.13/importlib/__init__.py", line 88, in import_module
    return _bootstrap._gcd_import(name[level:], package, level)
           ~~~~~~~~~~~~~~~~~~~~~~^^^^^^^^^^^^^^^^^^^^^^^^^^^^^^
  File "<frozen importlib._bootstrap>", line 1387, in _gcd_import
  File "<frozen importlib._bootstrap>", line 1360, in _find_and_load
  File "<frozen importlib._bootstrap>", line 1324, in _find_and_load_unlocked
ModuleNotFoundError: No module named 'argon2'

During handling of the above exception, another exception occurred:

Traceback (most recent call last):
  File "/home/khadija/Desktop/hackathon/.venv/lib/python3.13/site-packages/rest_framework/views.py", line 512, in dispatch
    response = handler(request, *args, **kwargs)
  File "/home/khadija/Desktop/hackathon/.venv/lib/python3.13/site-packages/rest_framework/generics.py", line 194, in post
    return self.create(request, *args, **kwargs)
           ~~~~~~~~~~~^^^^^^^^^^^^^^^^^^^^^^^^^^
  File "/home/khadija/Desktop/hackathon/.venv/lib/python3.13/site-packages/rest_framework/mixins.py", line 19, in create
    self.perform_create(serializer)
    ~~~~~~~~~~~~~~~~~~~^^^^^^^^^^^^
  File "/home/khadija/Desktop/hackathon/.venv/lib/python3.13/site-packages/rest_framework/mixins.py", line 24, in perform_create
    serializer.save()
    ~~~~~~~~~~~~~~~^^
  File "/home/khadija/Desktop/hackathon/.venv/lib/python3.13/site-packages/rest_framework/serializers.py", line 210, in save
    self.instance = self.create(validated_data)
                    ~~~~~~~~~~~^^^^^^^^^^^^^^^^
  File "/home/khadija/Desktop/hackathon/backend/users/serializers.py", line 49, in create
    return User.objects.create_user(
           ~~~~~~~~~~~~~~~~~~~~~~~~^
        username=validated_data["username"],
        ^^^^^^^^^^^^^^^^^^^^^^^^^^^^^^^^^^^^
        email=validated_data.get("email", ""),
        ^^^^^^^^^^^^^^^^^^^^^^^^^^^^^^^^^^^^^^
        password=validated_data["password"],
        ^^^^^^^^^^^^^^^^^^^^^^^^^^^^^^^^^^^^
    )
    ^
  File "/home/khadija/Desktop/hackathon/.venv/lib/python3.13/site-packages/django/contrib/auth/models.py", line 175, in create_user
    return self._create_user(username, email, password, **extra_fields)
           ~~~~~~~~~~~~~~~~~^^^^^^^^^^^^^^^^^^^^^^^^^^^^^^^^^^^^^^^^^^^
  File "/home/khadija/Desktop/hackathon/.venv/lib/python3.13/site-packages/django/contrib/auth/models.py", line 162, in _create_user
    user = self._create_user_object(username, email, password, **extra_fields)
  File "/home/khadija/Desktop/hackathon/.venv/lib/python3.13/site-packages/django/contrib/auth/models.py", line 155, in _create_user_object
    user.password = make_password(password)
                    ~~~~~~~~~~~~~^^^^^^^^^^
  File "/home/khadija/Desktop/hackathon/.venv/lib/python3.13/site-packages/django/contrib/auth/hashers.py", line 113, in make_password
    return hasher.encode(password, salt)
           ~~~~~~~~~~~~~^^^^^^^^^^^^^^^^
  File "/home/khadija/Desktop/hackathon/.venv/lib/python3.13/site-packages/django/contrib/auth/hashers.py", line 396, in encode
    argon2 = self._load_library()
  File "/home/khadija/Desktop/hackathon/.venv/lib/python3.13/site-packages/django/contrib/auth/hashers.py", line 227, in _load_library
    raise ValueError(
    ...<2 lines>...
    )
ValueError: Couldn't load 'Argon2PasswordHasher' algorithm library: No module named 'argon2'
2026-03-26 11:16:48,159 ERROR security Unhandled API error in view=RegisterView
Traceback (most recent call last):
  File "/home/khadija/Desktop/hackathon/.venv/lib/python3.13/site-packages/django/contrib/auth/hashers.py", line 225, in _load_library
    module = importlib.import_module(mod_path)
  File "/usr/lib/python3.13/importlib/__init__.py", line 88, in import_module
    return _bootstrap._gcd_import(name[level:], package, level)
           ~~~~~~~~~~~~~~~~~~~~~~^^^^^^^^^^^^^^^^^^^^^^^^^^^^^^
  File "<frozen importlib._bootstrap>", line 1387, in _gcd_import
  File "<frozen importlib._bootstrap>", line 1360, in _find_and_load
  File "<frozen importlib._bootstrap>", line 1324, in _find_and_load_unlocked
ModuleNotFoundError: No module named 'argon2'

During handling of the above exception, another exception occurred:

Traceback (most recent call last):
  File "/home/khadija/Desktop/hackathon/.venv/lib/python3.13/site-packages/rest_framework/views.py", line 512, in dispatch
    response = handler(request, *args, **kwargs)
  File "/home/khadija/Desktop/hackathon/.venv/lib/python3.13/site-packages/rest_framework/generics.py", line 194, in post
    return self.create(request, *args, **kwargs)
           ~~~~~~~~~~~^^^^^^^^^^^^^^^^^^^^^^^^^^
  File "/home/khadija/Desktop/hackathon/.venv/lib/python3.13/site-packages/rest_framework/mixins.py", line 19, in create
    self.perform_create(serializer)
    ~~~~~~~~~~~~~~~~~~~^^^^^^^^^^^^
  File "/home/khadija/Desktop/hackathon/.venv/lib/python3.13/site-packages/rest_framework/mixins.py", line 24, in perform_create
    serializer.save()
    ~~~~~~~~~~~~~~~^^
  File "/home/khadija/Desktop/hackathon/.venv/lib/python3.13/site-packages/rest_framework/serializers.py", line 210, in save
    self.instance = self.create(validated_data)
                    ~~~~~~~~~~~^^^^^^^^^^^^^^^^
  File "/home/khadija/Desktop/hackathon/backend/users/serializers.py", line 49, in create
    return User.objects.create_user(
           ~~~~~~~~~~~~~~~~~~~~~~~~^
        username=validated_data["username"],
        ^^^^^^^^^^^^^^^^^^^^^^^^^^^^^^^^^^^^
        email=validated_data.get("email", ""),
        ^^^^^^^^^^^^^^^^^^^^^^^^^^^^^^^^^^^^^^
        password=validated_data["password"],
        ^^^^^^^^^^^^^^^^^^^^^^^^^^^^^^^^^^^^
    )
    ^
  File "/home/khadija/Desktop/hackathon/.venv/lib/python3.13/site-packages/django/contrib/auth/models.py", line 175, in create_user
    return self._create_user(username, email, password, **extra_fields)
           ~~~~~~~~~~~~~~~~~^^^^^^^^^^^^^^^^^^^^^^^^^^^^^^^^^^^^^^^^^^^
  File "/home/khadija/Desktop/hackathon/.venv/lib/python3.13/site-packages/django/contrib/auth/models.py", line 162, in _create_user
    user = self._create_user_object(username, email, password, **extra_fields)
  File "/home/khadija/Desktop/hackathon/.venv/lib/python3.13/site-packages/django/contrib/auth/models.py", line 155, in _create_user_object
    user.password = make_password(password)
                    ~~~~~~~~~~~~~^^^^^^^^^^
  File "/home/khadija/Desktop/hackathon/.venv/lib/python3.13/site-packages/django/contrib/auth/hashers.py", line 113, in make_password
    return hasher.encode(password, salt)
           ~~~~~~~~~~~~~^^^^^^^^^^^^^^^^
  File "/home/khadija/Desktop/hackathon/.venv/lib/python3.13/site-packages/django/contrib/auth/hashers.py", line 396, in encode
    argon2 = self._load_library()
  File "/home/khadija/Desktop/hackathon/.venv/lib/python3.13/site-packages/django/contrib/auth/hashers.py", line 227, in _load_library
    raise ValueError(
    ...<2 lines>...
    )
ValueError: Couldn't load 'Argon2PasswordHasher' algorithm library: No module named 'argon2'
2026-03-26 11:16:53,050 ERROR security Unhandled API error in view=RegisterView
Traceback (most recent call last):
  File "/home/khadija/Desktop/hackathon/.venv/lib/python3.13/site-packages/django/contrib/auth/hashers.py", line 225, in _load_library
    module = importlib.import_module(mod_path)
  File "/usr/lib/python3.13/importlib/__init__.py", line 88, in import_module
    return _bootstrap._gcd_import(name[level:], package, level)
           ~~~~~~~~~~~~~~~~~~~~~~^^^^^^^^^^^^^^^^^^^^^^^^^^^^^^
  File "<frozen importlib._bootstrap>", line 1387, in _gcd_import
  File "<frozen importlib._bootstrap>", line 1360, in _find_and_load
  File "<frozen importlib._bootstrap>", line 1324, in _find_and_load_unlocked
ModuleNotFoundError: No module named 'argon2'

During handling of the above exception, another exception occurred:

Traceback (most recent call last):
  File "/home/khadija/Desktop/hackathon/.venv/lib/python3.13/site-packages/rest_framework/views.py", line 512, in dispatch
    response = handler(request, *args, **kwargs)
  File "/home/khadija/Desktop/hackathon/.venv/lib/python3.13/site-packages/rest_framework/generics.py", line 194, in post
    return self.create(request, *args, **kwargs)
           ~~~~~~~~~~~^^^^^^^^^^^^^^^^^^^^^^^^^^
  File "/home/khadija/Desktop/hackathon/.venv/lib/python3.13/site-packages/rest_framework/mixins.py", line 19, in create
    self.perform_create(serializer)
    ~~~~~~~~~~~~~~~~~~~^^^^^^^^^^^^
  File "/home/khadija/Desktop/hackathon/.venv/lib/python3.13/site-packages/rest_framework/mixins.py", line 24, in perform_create
    serializer.save()
    ~~~~~~~~~~~~~~~^^
  File "/home/khadija/Desktop/hackathon/.venv/lib/python3.13/site-packages/rest_framework/serializers.py", line 210, in save
    self.instance = self.create(validated_data)
                    ~~~~~~~~~~~^^^^^^^^^^^^^^^^
  File "/home/khadija/Desktop/hackathon/backend/users/serializers.py", line 49, in create
    return User.objects.create_user(
           ~~~~~~~~~~~~~~~~~~~~~~~~^
        username=validated_data["username"],
        ^^^^^^^^^^^^^^^^^^^^^^^^^^^^^^^^^^^^
        email=validated_data.get("email", ""),
        ^^^^^^^^^^^^^^^^^^^^^^^^^^^^^^^^^^^^^^
        password=validated_data["password"],
        ^^^^^^^^^^^^^^^^^^^^^^^^^^^^^^^^^^^^
    )
    ^
  File "/home/khadija/Desktop/hackathon/.venv/lib/python3.13/site-packages/django/contrib/auth/models.py", line 175, in create_user
    return self._create_user(username, email, password, **extra_fields)
           ~~~~~~~~~~~~~~~~~^^^^^^^^^^^^^^^^^^^^^^^^^^^^^^^^^^^^^^^^^^^
  File "/home/khadija/Desktop/hackathon/.venv/lib/python3.13/site-packages/django/contrib/auth/models.py", line 162, in _create_user
    user = self._create_user_object(username, email, password, **extra_fields)
  File "/home/khadija/Desktop/hackathon/.venv/lib/python3.13/site-packages/django/contrib/auth/models.py", line 155, in _create_user_object
    user.password = make_password(password)
                    ~~~~~~~~~~~~~^^^^^^^^^^
  File "/home/khadija/Desktop/hackathon/.venv/lib/python3.13/site-packages/django/contrib/auth/hashers.py", line 113, in make_password
    return hasher.encode(password, salt)
           ~~~~~~~~~~~~~^^^^^^^^^^^^^^^^
  File "/home/khadija/Desktop/hackathon/.venv/lib/python3.13/site-packages/django/contrib/auth/hashers.py", line 396, in encode
    argon2 = self._load_library()
  File "/home/khadija/Desktop/hackathon/.venv/lib/python3.13/site-packages/django/contrib/auth/hashers.py", line 227, in _load_library
    raise ValueError(
    ...<2 lines>...
    )
ValueError: Couldn't load 'Argon2PasswordHasher' algorithm library: No module named 'argon2'
2026-03-26 11:17:26,964 WARNING security login_failed username=dyda ip=127.0.0.1
2026-03-26 11:17:26,964 ERROR security Unhandled API error in view=CustomTokenObtainPairView
Traceback (most recent call last):
  File "/home/khadija/Desktop/hackathon/.venv/lib/python3.13/site-packages/django/contrib/auth/hashers.py", line 225, in _load_library
    module = importlib.import_module(mod_path)
  File "/usr/lib/python3.13/importlib/__init__.py", line 88, in import_module
    return _bootstrap._gcd_import(name[level:], package, level)
           ~~~~~~~~~~~~~~~~~~~~~~^^^^^^^^^^^^^^^^^^^^^^^^^^^^^^
  File "<frozen importlib._bootstrap>", line 1387, in _gcd_import
  File "<frozen importlib._bootstrap>", line 1360, in _find_and_load
  File "<frozen importlib._bootstrap>", line 1324, in _find_and_load_unlocked
ModuleNotFoundError: No module named 'argon2'

During handling of the above exception, another exception occurred:

Traceback (most recent call last):
  File "/home/khadija/Desktop/hackathon/.venv/lib/python3.13/site-packages/rest_framework/views.py", line 512, in dispatch
    response = handler(request, *args, **kwargs)
  File "/home/khadija/Desktop/hackathon/.venv/lib/python3.13/site-packages/rest_framework_simplejwt/views.py", line 46, in post
    serializer.is_valid(raise_exception=True)
    ~~~~~~~~~~~~~~~~~~~^^^^^^^^^^^^^^^^^^^^^^
  File "/home/khadija/Desktop/hackathon/.venv/lib/python3.13/site-packages/rest_framework/serializers.py", line 225, in is_valid
    self._validated_data = self.run_validation(self.initial_data)
                           ~~~~~~~~~~~~~~~~~~~^^^^^^^^^^^^^^^^^^^
  File "/home/khadija/Desktop/hackathon/.venv/lib/python3.13/site-packages/rest_framework/serializers.py", line 459, in run_validation
    value = self.validate(value)
  File "/home/khadija/Desktop/hackathon/backend/users/serializers.py", line 18, in validate
    data = super().validate(attrs)
  File "/home/khadija/Desktop/hackathon/.venv/lib/python3.13/site-packages/rest_framework_simplejwt/serializers.py", line 73, in validate
    data = super().validate(attrs)
  File "/home/khadija/Desktop/hackathon/.venv/lib/python3.13/site-packages/rest_framework_simplejwt/serializers.py", line 54, in validate
    self.user = authenticate(**authenticate_kwargs)
                ~~~~~~~~~~~~^^^^^^^^^^^^^^^^^^^^^^^
  File "/home/khadija/Desktop/hackathon/.venv/lib/python3.13/site-packages/django/views/decorators/debug.py", line 75, in sensitive_variables_wrapper
    return func(*func_args, **func_kwargs)
  File "/home/khadija/Desktop/hackathon/.venv/lib/python3.13/site-packages/django/contrib/auth/__init__.py", line 114, in authenticate
    user = backend.authenticate(request, **credentials)
  File "/home/khadija/Desktop/hackathon/.venv/lib/python3.13/site-packages/django/contrib/auth/backends.py", line 71, in authenticate
    if user.check_password(password) and self.user_can_authenticate(user):
       ~~~~~~~~~~~~~~~~~~~^^^^^^^^^^
  File "/home/khadija/Desktop/hackathon/.venv/lib/python3.13/site-packages/django/contrib/auth/base_user.py", line 112, in check_password
    return check_password(raw_password, self.password, setter)
  File "/home/khadija/Desktop/hackathon/.venv/lib/python3.13/site-packages/django/contrib/auth/hashers.py", line 82, in check_password
    setter(password)
    ~~~~~~^^^^^^^^^^
  File "/home/khadija/Desktop/hackathon/.venv/lib/python3.13/site-packages/django/contrib/auth/base_user.py", line 107, in setter
    self.set_password(raw_password)
    ~~~~~~~~~~~~~~~~~^^^^^^^^^^^^^^
  File "/home/khadija/Desktop/hackathon/.venv/lib/python3.13/site-packages/django/contrib/auth/base_user.py", line 97, in set_password
    self.password = make_password(raw_password)
                    ~~~~~~~~~~~~~^^^^^^^^^^^^^^
  File "/home/khadija/Desktop/hackathon/.venv/lib/python3.13/site-packages/django/contrib/auth/hashers.py", line 113, in make_password
    return hasher.encode(password, salt)
           ~~~~~~~~~~~~~^^^^^^^^^^^^^^^^
  File "/home/khadija/Desktop/hackathon/.venv/lib/python3.13/site-packages/django/contrib/auth/hashers.py", line 396, in encode
    argon2 = self._load_library()
  File "/home/khadija/Desktop/hackathon/.venv/lib/python3.13/site-packages/django/contrib/auth/hashers.py", line 227, in _load_library
    raise ValueError(
    ...<2 lines>...
    )
ValueError: Couldn't load 'Argon2PasswordHasher' algorithm library: No module named 'argon2'
2026-03-26 11:41:49,422 WARNING security login_failed username=dyda ip=127.0.0.1
2026-03-26 11:41:49,422 ERROR security Unhandled API error in view=CustomTokenObtainPairView
Traceback (most recent call last):
  File "/home/khadija/Desktop/hackathon/.venv/lib/python3.13/site-packages/django/contrib/auth/hashers.py", line 225, in _load_library
    module = importlib.import_module(mod_path)
  File "/usr/lib/python3.13/importlib/__init__.py", line 88, in import_module
    return _bootstrap._gcd_import(name[level:], package, level)
           ~~~~~~~~~~~~~~~~~~~~~~^^^^^^^^^^^^^^^^^^^^^^^^^^^^^^
  File "<frozen importlib._bootstrap>", line 1387, in _gcd_import
  File "<frozen importlib._bootstrap>", line 1360, in _find_and_load
  File "<frozen importlib._bootstrap>", line 1324, in _find_and_load_unlocked
ModuleNotFoundError: No module named 'argon2'

During handling of the above exception, another exception occurred:

Traceback (most recent call last):
  File "/home/khadija/Desktop/hackathon/.venv/lib/python3.13/site-packages/rest_framework/views.py", line 512, in dispatch
    response = handler(request, *args, **kwargs)
  File "/home/khadija/Desktop/hackathon/.venv/lib/python3.13/site-packages/rest_framework_simplejwt/views.py", line 46, in post
    serializer.is_valid(raise_exception=True)
    ~~~~~~~~~~~~~~~~~~~^^^^^^^^^^^^^^^^^^^^^^
  File "/home/khadija/Desktop/hackathon/.venv/lib/python3.13/site-packages/rest_framework/serializers.py", line 225, in is_valid
    self._validated_data = self.run_validation(self.initial_data)
                           ~~~~~~~~~~~~~~~~~~~^^^^^^^^^^^^^^^^^^^
  File "/home/khadija/Desktop/hackathon/.venv/lib/python3.13/site-packages/rest_framework/serializers.py", line 459, in run_validation
    value = self.validate(value)
  File "/home/khadija/Desktop/hackathon/backend/users/serializers.py", line 18, in validate
    data = super().validate(attrs)
  File "/home/khadija/Desktop/hackathon/.venv/lib/python3.13/site-packages/rest_framework_simplejwt/serializers.py", line 73, in validate
    data = super().validate(attrs)
  File "/home/khadija/Desktop/hackathon/.venv/lib/python3.13/site-packages/rest_framework_simplejwt/serializers.py", line 54, in validate
    self.user = authenticate(**authenticate_kwargs)
                ~~~~~~~~~~~~^^^^^^^^^^^^^^^^^^^^^^^
  File "/home/khadija/Desktop/hackathon/.venv/lib/python3.13/site-packages/django/views/decorators/debug.py", line 75, in sensitive_variables_wrapper
    return func(*func_args, **func_kwargs)
  File "/home/khadija/Desktop/hackathon/.venv/lib/python3.13/site-packages/django/contrib/auth/__init__.py", line 114, in authenticate
    user = backend.authenticate(request, **credentials)
  File "/home/khadija/Desktop/hackathon/.venv/lib/python3.13/site-packages/django/contrib/auth/backends.py", line 71, in authenticate
    if user.check_password(password) and self.user_can_authenticate(user):
       ~~~~~~~~~~~~~~~~~~~^^^^^^^^^^
  File "/home/khadija/Desktop/hackathon/.venv/lib/python3.13/site-packages/django/contrib/auth/base_user.py", line 112, in check_password
    return check_password(raw_password, self.password, setter)
  File "/home/khadija/Desktop/hackathon/.venv/lib/python3.13/site-packages/django/contrib/auth/hashers.py", line 82, in check_password
    setter(password)
    ~~~~~~^^^^^^^^^^
  File "/home/khadija/Desktop/hackathon/.venv/lib/python3.13/site-packages/django/contrib/auth/base_user.py", line 107, in setter
    self.set_password(raw_password)
    ~~~~~~~~~~~~~~~~~^^^^^^^^^^^^^^
  File "/home/khadija/Desktop/hackathon/.venv/lib/python3.13/site-packages/django/contrib/auth/base_user.py", line 97, in set_password
    self.password = make_password(raw_password)
                    ~~~~~~~~~~~~~^^^^^^^^^^^^^^
  File "/home/khadija/Desktop/hackathon/.venv/lib/python3.13/site-packages/django/contrib/auth/hashers.py", line 113, in make_password
    return hasher.encode(password, salt)
           ~~~~~~~~~~~~~^^^^^^^^^^^^^^^^
  File "/home/khadija/Desktop/hackathon/.venv/lib/python3.13/site-packages/django/contrib/auth/hashers.py", line 396, in encode
    argon2 = self._load_library()
  File "/home/khadija/Desktop/hackathon/.venv/lib/python3.13/site-packages/django/contrib/auth/hashers.py", line 227, in _load_library
    raise ValueError(
    ...<2 lines>...
    )
ValueError: Couldn't load 'Argon2PasswordHasher' algorithm library: No module named 'argon2'
2026-03-26 11:42:00,298 WARNING security login_failed username=dyda ip=127.0.0.1
2026-03-26 11:42:00,299 ERROR security Unhandled API error in view=CustomTokenObtainPairView
Traceback (most recent call last):
  File "/home/khadija/Desktop/hackathon/.venv/lib/python3.13/site-packages/django/contrib/auth/hashers.py", line 225, in _load_library
    module = importlib.import_module(mod_path)
  File "/usr/lib/python3.13/importlib/__init__.py", line 88, in import_module
    return _bootstrap._gcd_import(name[level:], package, level)
           ~~~~~~~~~~~~~~~~~~~~~~^^^^^^^^^^^^^^^^^^^^^^^^^^^^^^
  File "<frozen importlib._bootstrap>", line 1387, in _gcd_import
  File "<frozen importlib._bootstrap>", line 1360, in _find_and_load
  File "<frozen importlib._bootstrap>", line 1324, in _find_and_load_unlocked
ModuleNotFoundError: No module named 'argon2'

During handling of the above exception, another exception occurred:

Traceback (most recent call last):
  File "/home/khadija/Desktop/hackathon/.venv/lib/python3.13/site-packages/rest_framework/views.py", line 512, in dispatch
    response = handler(request, *args, **kwargs)
  File "/home/khadija/Desktop/hackathon/.venv/lib/python3.13/site-packages/rest_framework_simplejwt/views.py", line 46, in post
    serializer.is_valid(raise_exception=True)
    ~~~~~~~~~~~~~~~~~~~^^^^^^^^^^^^^^^^^^^^^^
  File "/home/khadija/Desktop/hackathon/.venv/lib/python3.13/site-packages/rest_framework/serializers.py", line 225, in is_valid
    self._validated_data = self.run_validation(self.initial_data)
                           ~~~~~~~~~~~~~~~~~~~^^^^^^^^^^^^^^^^^^^
  File "/home/khadija/Desktop/hackathon/.venv/lib/python3.13/site-packages/rest_framework/serializers.py", line 459, in run_validation
    value = self.validate(value)
  File "/home/khadija/Desktop/hackathon/backend/users/serializers.py", line 18, in validate
    data = super().validate(attrs)
  File "/home/khadija/Desktop/hackathon/.venv/lib/python3.13/site-packages/rest_framework_simplejwt/serializers.py", line 73, in validate
    data = super().validate(attrs)
  File "/home/khadija/Desktop/hackathon/.venv/lib/python3.13/site-packages/rest_framework_simplejwt/serializers.py", line 54, in validate
    self.user = authenticate(**authenticate_kwargs)
                ~~~~~~~~~~~~^^^^^^^^^^^^^^^^^^^^^^^
  File "/home/khadija/Desktop/hackathon/.venv/lib/python3.13/site-packages/django/views/decorators/debug.py", line 75, in sensitive_variables_wrapper
    return func(*func_args, **func_kwargs)
  File "/home/khadija/Desktop/hackathon/.venv/lib/python3.13/site-packages/django/contrib/auth/__init__.py", line 114, in authenticate
    user = backend.authenticate(request, **credentials)
  File "/home/khadija/Desktop/hackathon/.venv/lib/python3.13/site-packages/django/contrib/auth/backends.py", line 71, in authenticate
    if user.check_password(password) and self.user_can_authenticate(user):
       ~~~~~~~~~~~~~~~~~~~^^^^^^^^^^
  File "/home/khadija/Desktop/hackathon/.venv/lib/python3.13/site-packages/django/contrib/auth/base_user.py", line 112, in check_password
    return check_password(raw_password, self.password, setter)
  File "/home/khadija/Desktop/hackathon/.venv/lib/python3.13/site-packages/django/contrib/auth/hashers.py", line 82, in check_password
    setter(password)
    ~~~~~~^^^^^^^^^^
  File "/home/khadija/Desktop/hackathon/.venv/lib/python3.13/site-packages/django/contrib/auth/base_user.py", line 107, in setter
    self.set_password(raw_password)
    ~~~~~~~~~~~~~~~~~^^^^^^^^^^^^^^
  File "/home/khadija/Desktop/hackathon/.venv/lib/python3.13/site-packages/django/contrib/auth/base_user.py", line 97, in set_password
    self.password = make_password(raw_password)
                    ~~~~~~~~~~~~~^^^^^^^^^^^^^^
  File "/home/khadija/Desktop/hackathon/.venv/lib/python3.13/site-packages/django/contrib/auth/hashers.py", line 113, in make_password
    return hasher.encode(password, salt)
           ~~~~~~~~~~~~~^^^^^^^^^^^^^^^^
  File "/home/khadija/Desktop/hackathon/.venv/lib/python3.13/site-packages/django/contrib/auth/hashers.py", line 396, in encode
    argon2 = self._load_library()
  File "/home/khadija/Desktop/hackathon/.venv/lib/python3.13/site-packages/django/contrib/auth/hashers.py", line 227, in _load_library
    raise ValueError(
    ...<2 lines>...
    )
ValueError: Couldn't load 'Argon2PasswordHasher' algorithm library: No module named 'argon2'
2026-03-26 11:42:50,101 WARNING security login_failed username=dyda ip=127.0.0.1
2026-03-26 11:42:50,101 ERROR security Unhandled API error in view=CustomTokenObtainPairView
Traceback (most recent call last):
  File "/home/khadija/Desktop/hackathon/.venv/lib/python3.13/site-packages/django/contrib/auth/hashers.py", line 225, in _load_library
    module = importlib.import_module(mod_path)
  File "/usr/lib/python3.13/importlib/__init__.py", line 88, in import_module
    return _bootstrap._gcd_import(name[level:], package, level)
           ~~~~~~~~~~~~~~~~~~~~~~^^^^^^^^^^^^^^^^^^^^^^^^^^^^^^
  File "<frozen importlib._bootstrap>", line 1387, in _gcd_import
  File "<frozen importlib._bootstrap>", line 1360, in _find_and_load
  File "<frozen importlib._bootstrap>", line 1324, in _find_and_load_unlocked
ModuleNotFoundError: No module named 'argon2'

During handling of the above exception, another exception occurred:

Traceback (most recent call last):
  File "/home/khadija/Desktop/hackathon/.venv/lib/python3.13/site-packages/rest_framework/views.py", line 512, in dispatch
    response = handler(request, *args, **kwargs)
  File "/home/khadija/Desktop/hackathon/.venv/lib/python3.13/site-packages/rest_framework_simplejwt/views.py", line 46, in post
    serializer.is_valid(raise_exception=True)
    ~~~~~~~~~~~~~~~~~~~^^^^^^^^^^^^^^^^^^^^^^
  File "/home/khadija/Desktop/hackathon/.venv/lib/python3.13/site-packages/rest_framework/serializers.py", line 225, in is_valid
    self._validated_data = self.run_validation(self.initial_data)
                           ~~~~~~~~~~~~~~~~~~~^^^^^^^^^^^^^^^^^^^
  File "/home/khadija/Desktop/hackathon/.venv/lib/python3.13/site-packages/rest_framework/serializers.py", line 459, in run_validation
    value = self.validate(value)
  File "/home/khadija/Desktop/hackathon/backend/users/serializers.py", line 18, in validate
    data = super().validate(attrs)
  File "/home/khadija/Desktop/hackathon/.venv/lib/python3.13/site-packages/rest_framework_simplejwt/serializers.py", line 73, in validate
    data = super().validate(attrs)
  File "/home/khadija/Desktop/hackathon/.venv/lib/python3.13/site-packages/rest_framework_simplejwt/serializers.py", line 54, in validate
    self.user = authenticate(**authenticate_kwargs)
                ~~~~~~~~~~~~^^^^^^^^^^^^^^^^^^^^^^^
  File "/home/khadija/Desktop/hackathon/.venv/lib/python3.13/site-packages/django/views/decorators/debug.py", line 75, in sensitive_variables_wrapper
    return func(*func_args, **func_kwargs)
  File "/home/khadija/Desktop/hackathon/.venv/lib/python3.13/site-packages/django/contrib/auth/__init__.py", line 114, in authenticate
    user = backend.authenticate(request, **credentials)
  File "/home/khadija/Desktop/hackathon/.venv/lib/python3.13/site-packages/django/contrib/auth/backends.py", line 71, in authenticate
    if user.check_password(password) and self.user_can_authenticate(user):
       ~~~~~~~~~~~~~~~~~~~^^^^^^^^^^
  File "/home/khadija/Desktop/hackathon/.venv/lib/python3.13/site-packages/django/contrib/auth/base_user.py", line 112, in check_password
    return check_password(raw_password, self.password, setter)
  File "/home/khadija/Desktop/hackathon/.venv/lib/python3.13/site-packages/django/contrib/auth/hashers.py", line 82, in check_password
    setter(password)
    ~~~~~~^^^^^^^^^^
  File "/home/khadija/Desktop/hackathon/.venv/lib/python3.13/site-packages/django/contrib/auth/base_user.py", line 107, in setter
    self.set_password(raw_password)
    ~~~~~~~~~~~~~~~~~^^^^^^^^^^^^^^
  File "/home/khadija/Desktop/hackathon/.venv/lib/python3.13/site-packages/django/contrib/auth/base_user.py", line 97, in set_password
    self.password = make_password(raw_password)
                    ~~~~~~~~~~~~~^^^^^^^^^^^^^^
  File "/home/khadija/Desktop/hackathon/.venv/lib/python3.13/site-packages/django/contrib/auth/hashers.py", line 113, in make_password
    return hasher.encode(password, salt)
           ~~~~~~~~~~~~~^^^^^^^^^^^^^^^^
  File "/home/khadija/Desktop/hackathon/.venv/lib/python3.13/site-packages/django/contrib/auth/hashers.py", line 396, in encode
    argon2 = self._load_library()
  File "/home/khadija/Desktop/hackathon/.venv/lib/python3.13/site-packages/django/contrib/auth/hashers.py", line 227, in _load_library
    raise ValueError(
    ...<2 lines>...
    )
ValueError: Couldn't load 'Argon2PasswordHasher' algorithm library: No module named 'argon2'
2026-03-26 11:44:06,191 INFO security login_success username=dyda ip=127.0.0.1
2026-03-26 13:18:08,529 INFO security login_success username=dyda ip=127.0.0.1
2026-03-26 13:21:09,413 INFO security login_success username=Karen ip=127.0.0.1
2026-03-26 13:35:20,291 INFO security login_success username=dyda ip=127.0.0.1
2026-03-26 13:35:46,431 INFO security login_success username=Fede ip=127.0.0.1
2026-03-26 13:35:58,738 WARNING security login_failed username=LIsa ip=127.0.0.1
2026-03-26 13:36:07,911 WARNING security login_failed username=LIsa ip=127.0.0.1
2026-03-26 13:36:14,118 INFO security login_success username=vicky ip=127.0.0.1
2026-03-26 15:10:29,566 INFO security login_success username=vicky ip=127.0.0.1
2026-03-26 15:26:45,046 INFO security login_success username=vicky ip=127.0.0.1
2026-03-26 15:39:16,590 INFO security login_success username=Test ip=127.0.0.1
2026-03-26 15:43:52,458 INFO security login_success username=vicky ip=127.0.0.1
2026-03-26 18:54:56,676 INFO security login_success username=vicky ip=127.0.0.1
2026-03-26 19:13:36,991 INFO security login_success username=Test ip=127.0.0.1
2026-03-26 20:43:52,816 INFO security login_success username=Test ip=127.0.0.1
2026-03-26 20:51:25,129 INFO security login_success username=Test ip=127.0.0.1
2026-03-26 20:53:24,182 INFO security login_success username=Test ip=127.0.0.1
2026-03-26 21:00:59,667 INFO security login_success username=Test ip=127.0.0.1
2026-03-26 21:03:04,200 INFO security login_success username=Test ip=127.0.0.1
2026-03-27 05:44:55,406 INFO security login_success username=vicky ip=127.0.0.1
2026-03-27 05:52:55,648 INFO security login_success username=vicky ip=127.0.0.1
2026-03-27 06:09:02,430 INFO security login_success username=vicky ip=127.0.0.1
2026-03-27 06:11:32,206 INFO security login_success username=vicky ip=127.0.0.1
